[debug] [2023-12-12T08:50:03.999Z] ----------------------------------------------------------------------
[debug] [2023-12-12T08:50:04.002Z] Command:       C:\Program Files\nodejs\node.exe C:\Users\DELL\AppData\Roaming\npm\node_modules\firebase-tools\lib\bin\firebase.js deploy --only functions
[debug] [2023-12-12T08:50:04.003Z] CLI Version:   12.9.1
[debug] [2023-12-12T08:50:04.004Z] Platform:      win32
[debug] [2023-12-12T08:50:04.004Z] Node Version:  v18.16.0
[debug] [2023-12-12T08:50:04.011Z] Time:          Tue Dec 12 2023 14:20:04 GMT+0530 (India Standard Time)
[debug] [2023-12-12T08:50:04.011Z] ----------------------------------------------------------------------
[debug] 
[debug] [2023-12-12T08:50:04.154Z] > command requires scopes: ["email","openid","https://www.googleapis.com/auth/cloudplatformprojects.readonly","https://www.googleapis.com/auth/firebase","https://www.googleapis.com/auth/cloud-platform"]
[debug] [2023-12-12T08:50:04.155Z] > authorizing via signed-in user (admin@apporbis.com)
[debug] [2023-12-12T08:50:04.155Z] [iam] checking project vijuedtech-7db78 for permissions ["cloudfunctions.functions.create","cloudfunctions.functions.delete","cloudfunctions.functions.get","cloudfunctions.functions.list","cloudfunctions.functions.update","cloudfunctions.operations.get","firebase.projects.get"]
[debug] [2023-12-12T08:50:04.158Z] > refreshing access token with scopes: []
[debug] [2023-12-12T08:50:04.162Z] >>> [apiv2][query] POST https://www.googleapis.com/oauth2/v3/token [none]
[debug] [2023-12-12T08:50:04.162Z] >>> [apiv2][body] POST https://www.googleapis.com/oauth2/v3/token [omitted]
[debug] [2023-12-12T08:50:04.618Z] <<< [apiv2][status] POST https://www.googleapis.com/oauth2/v3/token 200
[debug] [2023-12-12T08:50:04.618Z] <<< [apiv2][body] POST https://www.googleapis.com/oauth2/v3/token [omitted]
[debug] [2023-12-12T08:50:04.626Z] >>> [apiv2][query] POST https://cloudresourcemanager.googleapis.com/v1/projects/vijuedtech-7db78:testIamPermissions [none]
[debug] [2023-12-12T08:50:04.627Z] >>> [apiv2][(partial)header] POST https://cloudresourcemanager.googleapis.com/v1/projects/vijuedtech-7db78:testIamPermissions x-goog-quota-user=projects/vijuedtech-7db78
[debug] [2023-12-12T08:50:04.627Z] >>> [apiv2][body] POST https://cloudresourcemanager.googleapis.com/v1/projects/vijuedtech-7db78:testIamPermissions {"permissions":["cloudfunctions.functions.create","cloudfunctions.functions.delete","cloudfunctions.functions.get","cloudfunctions.functions.list","cloudfunctions.functions.update","cloudfunctions.operations.get","firebase.projects.get"]}
[debug] [2023-12-12T08:50:06.356Z] <<< [apiv2][status] POST https://cloudresourcemanager.googleapis.com/v1/projects/vijuedtech-7db78:testIamPermissions 200
[debug] [2023-12-12T08:50:06.356Z] <<< [apiv2][body] POST https://cloudresourcemanager.googleapis.com/v1/projects/vijuedtech-7db78:testIamPermissions {}
[debug] [2023-12-12T08:50:06.356Z] [iam] error while checking permissions, command may fail: FirebaseError: Authorization failed. This account is missing the following required permissions on project vijuedtech-7db78:

  cloudfunctions.functions.create
  cloudfunctions.functions.delete
  cloudfunctions.functions.get
  cloudfunctions.functions.list
  cloudfunctions.functions.update
  cloudfunctions.operations.get
  firebase.projects.get
[debug] [2023-12-12T08:50:06.358Z] >>> [apiv2][query] POST https://iam.googleapis.com/v1/projects/vijuedtech-7db78/serviceAccounts/vijuedtech-7db78@appspot.gserviceaccount.com:testIamPermissions [none]
[debug] [2023-12-12T08:50:06.358Z] >>> [apiv2][body] POST https://iam.googleapis.com/v1/projects/vijuedtech-7db78/serviceAccounts/vijuedtech-7db78@appspot.gserviceaccount.com:testIamPermissions {"permissions":["iam.serviceAccounts.actAs"]}
[debug] [2023-12-12T08:50:08.242Z] <<< [apiv2][status] POST https://iam.googleapis.com/v1/projects/vijuedtech-7db78/serviceAccounts/vijuedtech-7db78@appspot.gserviceaccount.com:testIamPermissions 404
[debug] [2023-12-12T08:50:08.242Z] <<< [apiv2][body] POST https://iam.googleapis.com/v1/projects/vijuedtech-7db78/serviceAccounts/vijuedtech-7db78@appspot.gserviceaccount.com:testIamPermissions {"error":{"code":404,"message":"Unknown service account","status":"NOT_FOUND"}}
[debug] [2023-12-12T08:50:08.243Z] [functions] service account IAM check errored, deploy may fail: HTTP Error: 404, Unknown service account {"name":"FirebaseError","children":[],"context":{"body":{"error":{"code":404,"message":"Unknown service account","status":"NOT_FOUND"}},"response":{"statusCode":404}},"exit":1,"message":"HTTP Error: 404, Unknown service account","status":404}
[info] 
[info] === Deploying to 'vijuedtech-7db78'...
[info] 
[info] i  deploying functions 
[debug] [2023-12-12T08:50:08.252Z] >>> [apiv2][query] GET https://firebase.googleapis.com/v1beta1/projects/vijuedtech-7db78 [none]
[debug] [2023-12-12T08:50:08.912Z] <<< [apiv2][status] GET https://firebase.googleapis.com/v1beta1/projects/vijuedtech-7db78 403
[debug] [2023-12-12T08:50:08.913Z] <<< [apiv2][body] GET https://firebase.googleapis.com/v1beta1/projects/vijuedtech-7db78 {"error":{"code":403,"message":"The caller does not have permission","status":"PERMISSION_DENIED"}}
[debug] [2023-12-12T08:50:08.913Z] HTTP Error: 403, The caller does not have permission
[debug] [2023-12-12T08:50:09.161Z] FirebaseError: HTTP Error: 403, The caller does not have permission
    at responseToError (C:\Users\DELL\AppData\Roaming\npm\node_modules\firebase-tools\lib\responseToError.js:49:12)
    at RetryOperation._fn (C:\Users\DELL\AppData\Roaming\npm\node_modules\firebase-tools\lib\apiv2.js:285:77)
    at process.processTicksAndRejections (node:internal/process/task_queues:95:5)
[error] 
[error] Error: Failed to get Firebase project vijuedtech-7db78. Please make sure the project exists and your account has permission to access it.
[debug] [2023-12-12T08:50:43.044Z] ----------------------------------------------------------------------
[debug] [2023-12-12T08:50:43.046Z] Command:       C:\Program Files\nodejs\node.exe C:\Users\DELL\AppData\Roaming\npm\node_modules\firebase-tools\lib\bin\firebase.js deploy --only functions
[debug] [2023-12-12T08:50:43.047Z] CLI Version:   12.9.1
[debug] [2023-12-12T08:50:43.047Z] Platform:      win32
[debug] [2023-12-12T08:50:43.047Z] Node Version:  v18.16.0
[debug] [2023-12-12T08:50:43.048Z] Time:          Tue Dec 12 2023 14:20:43 GMT+0530 (India Standard Time)
[debug] [2023-12-12T08:50:43.049Z] ----------------------------------------------------------------------
[debug] 
[debug] [2023-12-12T08:50:43.129Z] > command requires scopes: ["email","openid","https://www.googleapis.com/auth/cloudplatformprojects.readonly","https://www.googleapis.com/auth/firebase","https://www.googleapis.com/auth/cloud-platform"]
[debug] [2023-12-12T08:50:43.129Z] > authorizing via signed-in user (admin@apporbis.com)
[debug] [2023-12-12T08:50:43.129Z] [iam] checking project vijuedtech-7db78 for permissions ["cloudfunctions.functions.create","cloudfunctions.functions.delete","cloudfunctions.functions.get","cloudfunctions.functions.list","cloudfunctions.functions.update","cloudfunctions.operations.get","firebase.projects.get"]
[debug] [2023-12-12T08:50:43.132Z] >>> [apiv2][query] POST https://cloudresourcemanager.googleapis.com/v1/projects/vijuedtech-7db78:testIamPermissions [none]
[debug] [2023-12-12T08:50:43.132Z] >>> [apiv2][(partial)header] POST https://cloudresourcemanager.googleapis.com/v1/projects/vijuedtech-7db78:testIamPermissions x-goog-quota-user=projects/vijuedtech-7db78
[debug] [2023-12-12T08:50:43.132Z] >>> [apiv2][body] POST https://cloudresourcemanager.googleapis.com/v1/projects/vijuedtech-7db78:testIamPermissions {"permissions":["cloudfunctions.functions.create","cloudfunctions.functions.delete","cloudfunctions.functions.get","cloudfunctions.functions.list","cloudfunctions.functions.update","cloudfunctions.operations.get","firebase.projects.get"]}
[debug] [2023-12-12T08:50:44.965Z] <<< [apiv2][status] POST https://cloudresourcemanager.googleapis.com/v1/projects/vijuedtech-7db78:testIamPermissions 200
[debug] [2023-12-12T08:50:44.965Z] <<< [apiv2][body] POST https://cloudresourcemanager.googleapis.com/v1/projects/vijuedtech-7db78:testIamPermissions {}
[debug] [2023-12-12T08:50:44.966Z] [iam] error while checking permissions, command may fail: FirebaseError: Authorization failed. This account is missing the following required permissions on project vijuedtech-7db78:

  cloudfunctions.functions.create
  cloudfunctions.functions.delete
  cloudfunctions.functions.get
  cloudfunctions.functions.list
  cloudfunctions.functions.update
  cloudfunctions.operations.get
  firebase.projects.get
[debug] [2023-12-12T08:50:44.966Z] >>> [apiv2][query] POST https://iam.googleapis.com/v1/projects/vijuedtech-7db78/serviceAccounts/vijuedtech-7db78@appspot.gserviceaccount.com:testIamPermissions [none]
[debug] [2023-12-12T08:50:44.966Z] >>> [apiv2][body] POST https://iam.googleapis.com/v1/projects/vijuedtech-7db78/serviceAccounts/vijuedtech-7db78@appspot.gserviceaccount.com:testIamPermissions {"permissions":["iam.serviceAccounts.actAs"]}
[debug] [2023-12-12T08:50:46.694Z] <<< [apiv2][status] POST https://iam.googleapis.com/v1/projects/vijuedtech-7db78/serviceAccounts/vijuedtech-7db78@appspot.gserviceaccount.com:testIamPermissions 404
[debug] [2023-12-12T08:50:46.694Z] <<< [apiv2][body] POST https://iam.googleapis.com/v1/projects/vijuedtech-7db78/serviceAccounts/vijuedtech-7db78@appspot.gserviceaccount.com:testIamPermissions {"error":{"code":404,"message":"Unknown service account","status":"NOT_FOUND"}}
[debug] [2023-12-12T08:50:46.695Z] [functions] service account IAM check errored, deploy may fail: HTTP Error: 404, Unknown service account {"name":"FirebaseError","children":[],"context":{"body":{"error":{"code":404,"message":"Unknown service account","status":"NOT_FOUND"}},"response":{"statusCode":404}},"exit":1,"message":"HTTP Error: 404, Unknown service account","status":404}
[info] 
[info] === Deploying to 'vijuedtech-7db78'...
[info] 
[info] i  deploying functions 
[debug] [2023-12-12T08:50:46.704Z] >>> [apiv2][query] GET https://firebase.googleapis.com/v1beta1/projects/vijuedtech-7db78 [none]
[debug] [2023-12-12T08:50:48.280Z] <<< [apiv2][status] GET https://firebase.googleapis.com/v1beta1/projects/vijuedtech-7db78 403
[debug] [2023-12-12T08:50:48.281Z] <<< [apiv2][body] GET https://firebase.googleapis.com/v1beta1/projects/vijuedtech-7db78 {"error":{"code":403,"message":"The caller does not have permission","status":"PERMISSION_DENIED"}}
[debug] [2023-12-12T08:50:48.281Z] HTTP Error: 403, The caller does not have permission
[debug] [2023-12-12T08:50:48.535Z] FirebaseError: HTTP Error: 403, The caller does not have permission
    at responseToError (C:\Users\DELL\AppData\Roaming\npm\node_modules\firebase-tools\lib\responseToError.js:49:12)
    at RetryOperation._fn (C:\Users\DELL\AppData\Roaming\npm\node_modules\firebase-tools\lib\apiv2.js:285:77)
    at process.processTicksAndRejections (node:internal/process/task_queues:95:5)
[error] 
[error] Error: Failed to get Firebase project vijuedtech-7db78. Please make sure the project exists and your account has permission to access it.
